# JRE version: 6.0_31-b31
# Java VM: OpenJDK Server VM (23.25-b01 mixed mode linux-x86 )
Heap
 PSYoungGen      total 233024K, used 61411K [0x9def0000, 0xb3440000, 0xb3440000)
  eden space 116544K, 52% used [0x9def0000,0xa1ae8fc8,0xa50c0000)
  from space 116480K, 0% used [0xa50c0000,0xa50c0000,0xac280000)
  to   space 116480K, 0% used [0xac280000,0xac280000,0xb3440000)
 ParOldGen       total 444928K, used 444926K [0x73440000, 0x8e6c0000, 0x9def0000)
  object space 444928K, 99% used [0x73440000,0x8e6bf950,0x8e6c0000)
 PSPermGen       total 16384K, used 3877K [0x6b440000, 0x6c440000, 0x73440000)
  object space 16384K, 23% used [0x6b440000,0x6b8094c8,0x6c440000)
GC Heap History (10 events):
Event: 23.146 GC heap before
{Heap before GC invocations=42 (full 7):
 PSYoungGen      total 231232K, used 169390K [0x9def0000, 0xb2870000, 0xb3440000)
  eden space 122048K, 100% used [0x9def0000,0xa5620000,0xa5620000)
  from space 109184K, 43% used [0xabdd0000,0xaec0ba78,0xb2870000)
  to   space 106176K, 0% used [0xa5620000,0xa5620000,0xabdd0000)
 ParOldGen       total 444928K, used 388283K [0x73440000, 0x8e6c0000, 0x9def0000)
  object space 444928K, 87% used [0x73440000,0x8af6ee30,0x8e6c0000)
 PSPermGen       total 16384K, used 3875K [0x6b440000, 0x6c440000, 0x73440000)
  object space 16384K, 23% used [0x6b440000,0x6b808e18,0x6c440000)
Event: 23.219 GC heap after
Heap after GC invocations=42 (full 7):
 PSYoungGen      total 228224K, used 65178K [0x9def0000, 0xb33d0000, 0xb3440000)
  eden space 122048K, 0% used [0x9def0000,0x9def0000,0xa5620000)
  from space 106176K, 61% used [0xa5620000,0xa95c6a60,0xabdd0000)
  to   space 108736K, 0% used [0xac9a0000,0xac9a0000,0xb33d0000)
 ParOldGen       total 444928K, used 388283K [0x73440000, 0x8e6c0000, 0x9def0000)
  object space 444928K, 87% used [0x73440000,0x8af6ee30,0x8e6c0000)
 PSPermGen       total 16384K, used 3875K [0x6b440000, 0x6c440000, 0x73440000)
  object space 16384K, 23% used [0x6b440000,0x6b808e18,0x6c440000)
}
Event: 23.594 GC heap before
{Heap before GC invocations=43 (full 7):
 PSYoungGen      total 228224K, used 187226K [0x9def0000, 0xb33d0000, 0xb3440000)
  eden space 122048K, 100% used [0x9def0000,0xa5620000,0xa5620000)
  from space 106176K, 61% used [0xa5620000,0xa95c6a60,0xabdd0000)
  to   space 108736K, 0% used [0xac9a0000,0xac9a0000,0xb33d0000)
 ParOldGen       total 444928K, used 388283K [0x73440000, 0x8e6c0000, 0x9def0000)
  object space 444928K, 87% used [0x73440000,0x8af6ee30,0x8e6c0000)
 PSPermGen       total 16384K, used 3876K [0x6b440000, 0x6c440000, 0x73440000)
  object space 16384K, 23% used [0x6b440000,0x6b8091c0,0x6c440000)
Event: 23.688 GC heap after
Heap after GC invocations=43 (full 7):
 PSYoungGen      total 225280K, used 82296K [0x9def0000, 0xb3440000, 0xb3440000)
  eden space 116544K, 0% used [0x9def0000,0x9def0000,0xa50c0000)
  from space 108736K, 75% used [0xac9a0000,0xb19fe3f0,0xb33d0000)
  to   space 116480K, 0% used [0xa50c0000,0xa50c0000,0xac280000)
 ParOldGen       total 444928K, used 388283K [0x73440000, 0x8e6c0000, 0x9def0000)
  object space 444928K, 87% used [0x73440000,0x8af6ee30,0x8e6c0000)
 PSPermGen       total 16384K, used 3876K [0x6b440000, 0x6c440000, 0x73440000)
  object space 16384K, 23% used [0x6b440000,0x6b8091c0,0x6c440000)
}
Event: 24.038 GC heap before
{Heap before GC invocations=44 (full 7):
 PSYoungGen      total 225280K, used 198840K [0x9def0000, 0xb3440000, 0xb3440000)
  eden space 116544K, 100% used [0x9def0000,0xa50c0000,0xa50c0000)
  from space 108736K, 75% used [0xac9a0000,0xb19fe3f0,0xb33d0000)
  to   space 116480K, 0% used [0xa50c0000,0xa50c0000,0xac280000)
 ParOldGen       total 444928K, used 388283K [0x73440000, 0x8e6c0000, 0x9def0000)
  object space 444928K, 87% used [0x73440000,0x8af6ee30,0x8e6c0000)
 PSPermGen       total 16384K, used 3876K [0x6b440000, 0x6c440000, 0x73440000)
  object space 16384K, 23% used [0x6b440000,0x6b8092b0,0x6c440000)
Event: 24.178 GC heap after
Heap after GC invocations=44 (full 7):
 PSYoungGen      total 233024K, used 71349K [0x9def0000, 0xb3440000, 0xb3440000)
  eden space 116544K, 0% used [0x9def0000,0x9def0000,0xa50c0000)
  from space 116480K, 61% used [0xa50c0000,0xa966d650,0xac280000)
  to   space 116480K, 0% used [0xac280000,0xac280000,0xb3440000)
 ParOldGen       total 444928K, used 417981K [0x73440000, 0x8e6c0000, 0x9def0000)
  object space 444928K, 93% used [0x73440000,0x8cc6f520,0x8e6c0000)
 PSPermGen       total 16384K, used 3876K [0x6b440000, 0x6c440000, 0x73440000)
  object space 16384K, 23% used [0x6b440000,0x6b8092b0,0x6c440000)
}
Event: 24.178 GC heap before
{Heap before GC invocations=45 (full 8):
 PSYoungGen      total 233024K, used 71349K [0x9def0000, 0xb3440000, 0xb3440000)
  eden space 116544K, 0% used [0x9def0000,0x9def0000,0xa50c0000)
  from space 116480K, 61% used [0xa50c0000,0xa966d650,0xac280000)
  to   space 116480K, 0% used [0xac280000,0xac280000,0xb3440000)
 ParOldGen       total 444928K, used 417981K [0x73440000, 0x8e6c0000, 0x9def0000)
  object space 444928K, 93% used [0x73440000,0x8cc6f520,0x8e6c0000)
 PSPermGen       total 16384K, used 3876K [0x6b440000, 0x6c440000, 0x73440000)
  object space 16384K, 23% used [0x6b440000,0x6b8092b0,0x6c440000)
Event: 25.814 GC heap after
Heap after GC invocations=45 (full 8):
 PSYoungGen      total 233024K, used 40596K [0x9def0000, 0xb3440000, 0xb3440000)
  eden space 116544K, 0% used [0x9def0000,0x9def0000,0xa50c0000)
  from space 116480K, 34% used [0xa50c0000,0xa78651a0,0xac280000)
  to   space 116480K, 0% used [0xac280000,0xac280000,0xb3440000)
 ParOldGen       total 444928K, used 444927K [0x73440000, 0x8e6c0000, 0x9def0000)
  object space 444928K, 99% used [0x73440000,0x8e6bfc38,0x8e6c0000)
 PSPermGen       total 16384K, used 3876K [0x6b440000, 0x6c440000, 0x73440000)
  object space 16384K, 23% used [0x6b440000,0x6b809280,0x6c440000)
}
Event: 26.240 GC heap before
{Heap before GC invocations=46 (full 9):
 PSYoungGen      total 233024K, used 157140K [0x9def0000, 0xb3440000, 0xb3440000)
  eden space 116544K, 100% used [0x9def0000,0xa50c0000,0xa50c0000)
  from space 116480K, 34% used [0xa50c0000,0xa78651a0,0xac280000)
  to   space 116480K, 0% used [0xac280000,0xac280000,0xb3440000)
 ParOldGen       total 444928K, used 444927K [0x73440000, 0x8e6c0000, 0x9def0000)
  object space 444928K, 99% used [0x73440000,0x8e6bfc38,0x8e6c0000)
 PSPermGen       total 16384K, used 3877K [0x6b440000, 0x6c440000, 0x73440000)
  object space 16384K, 23% used [0x6b440000,0x6b8094c8,0x6c440000)
Event: 27.537 GC heap after
Heap after GC invocations=46 (full 9):
 PSYoungGen      total 233024K, used 59079K [0x9def0000, 0xb3440000, 0xb3440000)
  eden space 116544K, 50% used [0x9def0000,0xa18a1d58,0xa50c0000)
  from space 116480K, 0% used [0xa50c0000,0xa50c0000,0xac280000)
  to   space 116480K, 0% used [0xac280000,0xac280000,0xb3440000)
 ParOldGen       total 444928K, used 444926K [0x73440000, 0x8e6c0000, 0x9def0000)
  object space 444928K, 99% used [0x73440000,0x8e6bf950,0x8e6c0000)
 PSPermGen       total 16384K, used 3877K [0x6b440000, 0x6c440000, 0x73440000)
  object space 16384K, 23% used [0x6b440000,0x6b8094c8,0x6c440000)
}

