# JRE version: 6.0_31-b31
# Java VM: OpenJDK Server VM (23.25-b01 mixed mode linux-x86 )
Heap
 PSYoungGen      total 233024K, used 2332K [0x9ddf0000, 0xb3340000, 0xb3340000)
  eden space 116544K, 2% used [0x9ddf0000,0x9e0373a8,0xa4fc0000)
  from space 116480K, 0% used [0xac180000,0xac180000,0xb3340000)
  to   space 116480K, 0% used [0xa4fc0000,0xa4fc0000,0xac180000)
 ParOldGen       total 415232K, used 390441K [0x73340000, 0x8c8c0000, 0x9ddf0000)
  object space 415232K, 94% used [0x73340000,0x8b08a6f0,0x8c8c0000)
 PSPermGen       total 16384K, used 3866K [0x6b340000, 0x6c340000, 0x73340000)
  object space 16384K, 23% used [0x6b340000,0x6b706888,0x6c340000)
GC Heap History (10 events):
Event: 21.552 GC heap before
{Heap before GC invocations=36 (full 7):
 PSYoungGen      total 233024K, used 116464K [0x9ddf0000, 0xb3340000, 0xb3340000)
  eden space 116544K, 0% used [0x9ddf0000,0x9ddf0000,0xa4fc0000)
  from space 116480K, 99% used [0xac180000,0xb333c238,0xb3340000)
  to   space 116480K, 0% used [0xa4fc0000,0xa4fc0000,0xac180000)
 ParOldGen       total 305344K, used 286362K [0x73340000, 0x85d70000, 0x9ddf0000)
  object space 305344K, 93% used [0x73340000,0x84ae6998,0x85d70000)
 PSPermGen       total 16384K, used 3852K [0x6b340000, 0x6c340000, 0x73340000)
  object space 16384K, 23% used [0x6b340000,0x6b7032e0,0x6c340000)
Event: 22.949 GC heap after
Heap after GC invocations=36 (full 7):
 PSYoungGen      total 233024K, used 91648K [0x9ddf0000, 0xb3340000, 0xb3340000)
  eden space 116544K, 0% used [0x9ddf0000,0x9ddf0000,0xa4fc0000)
  from space 116480K, 78% used [0xac180000,0xb1b000d8,0xb3340000)
  to   space 116480K, 0% used [0xa4fc0000,0xa4fc0000,0xac180000)
 ParOldGen       total 415232K, used 305343K [0x73340000, 0x8c8c0000, 0x9ddf0000)
  object space 415232K, 73% used [0x73340000,0x85d6fc50,0x8c8c0000)
 PSPermGen       total 16384K, used 3852K [0x6b340000, 0x6c340000, 0x73340000)
  object space 16384K, 23% used [0x6b340000,0x6b7032d0,0x6c340000)
}
Event: 23.844 GC heap before
{Heap before GC invocations=37 (full 7):
 PSYoungGen      total 233024K, used 208192K [0x9ddf0000, 0xb3340000, 0xb3340000)
  eden space 116544K, 100% used [0x9ddf0000,0xa4fc0000,0xa4fc0000)
  from space 116480K, 78% used [0xac180000,0xb1b000d8,0xb3340000)
  to   space 116480K, 0% used [0xa4fc0000,0xa4fc0000,0xac180000)
 ParOldGen       total 415232K, used 305343K [0x73340000, 0x8c8c0000, 0x9ddf0000)
  object space 415232K, 73% used [0x73340000,0x85d6fc50,0x8c8c0000)
 PSPermGen       total 16384K, used 3853K [0x6b340000, 0x6c340000, 0x73340000)
  object space 16384K, 23% used [0x6b340000,0x6b703508,0x6c340000)
Event: 24.074 GC heap after
Heap after GC invocations=37 (full 7):
 PSYoungGen      total 233024K, used 89085K [0x9ddf0000, 0xb3340000, 0xb3340000)
  eden space 116544K, 0% used [0x9ddf0000,0x9ddf0000,0xa4fc0000)
  from space 116480K, 76% used [0xa4fc0000,0xaa6bf7f8,0xac180000)
  to   space 116480K, 0% used [0xac180000,0xac180000,0xb3340000)
 ParOldGen       total 415232K, used 325691K [0x73340000, 0x8c8c0000, 0x9ddf0000)
  object space 415232K, 78% used [0x73340000,0x8714ecf0,0x8c8c0000)
 PSPermGen       total 16384K, used 3853K [0x6b340000, 0x6c340000, 0x73340000)
  object space 16384K, 23% used [0x6b340000,0x6b703508,0x6c340000)
}
Event: 24.637 GC heap before
{Heap before GC invocations=38 (full 7):
 PSYoungGen      total 233024K, used 205629K [0x9ddf0000, 0xb3340000, 0xb3340000)
  eden space 116544K, 100% used [0x9ddf0000,0xa4fc0000,0xa4fc0000)
  from space 116480K, 76% used [0xa4fc0000,0xaa6bf7f8,0xac180000)
  to   space 116480K, 0% used [0xac180000,0xac180000,0xb3340000)
 ParOldGen       total 415232K, used 325691K [0x73340000, 0x8c8c0000, 0x9ddf0000)
  object space 415232K, 78% used [0x73340000,0x8714ecf0,0x8c8c0000)
 PSPermGen       total 16384K, used 3858K [0x6b340000, 0x6c340000, 0x73340000)
  object space 16384K, 23% used [0x6b340000,0x6b7048c8,0x6c340000)
Event: 25.703 GC heap after
Heap after GC invocations=38 (full 7):
 PSYoungGen      total 233024K, used 39421K [0x9ddf0000, 0xb3340000, 0xb3340000)
  eden space 116544K, 0% used [0x9ddf0000,0x9ddf0000,0xa4fc0000)
  from space 116480K, 33% used [0xac180000,0xae7ff668,0xb3340000)
  to   space 116480K, 0% used [0xa4fc0000,0xa4fc0000,0xac180000)
 ParOldGen       total 415232K, used 393227K [0x73340000, 0x8c8c0000, 0x9ddf0000)
  object space 415232K, 94% used [0x73340000,0x8b342d68,0x8c8c0000)
 PSPermGen       total 16384K, used 3858K [0x6b340000, 0x6c340000, 0x73340000)
  object space 16384K, 23% used [0x6b340000,0x6b7048c8,0x6c340000)
}
Event: 26.031 GC heap before
{Heap before GC invocations=39 (full 8):
 PSYoungGen      total 233024K, used 39421K [0x9ddf0000, 0xb3340000, 0xb3340000)
  eden space 116544K, 0% used [0x9ddf0000,0x9ddf0000,0xa4fc0000)
  from space 116480K, 33% used [0xac180000,0xae7ff668,0xb3340000)
  to   space 116480K, 0% used [0xa4fc0000,0xa4fc0000,0xac180000)
 ParOldGen       total 415232K, used 393227K [0x73340000, 0x8c8c0000, 0x9ddf0000)
  object space 415232K, 94% used [0x73340000,0x8b342d68,0x8c8c0000)
 PSPermGen       total 16384K, used 3858K [0x6b340000, 0x6c340000, 0x73340000)
  object space 16384K, 23% used [0x6b340000,0x6b7048c8,0x6c340000)
Event: 27.983 GC heap after
Heap after GC invocations=39 (full 8):
 PSYoungGen      total 233024K, used 0K [0x9ddf0000, 0xb3340000, 0xb3340000)
  eden space 116544K, 0% used [0x9ddf0000,0x9ddf0000,0xa4fc0000)
  from space 116480K, 0% used [0xac180000,0xac180000,0xb3340000)
  to   space 116480K, 0% used [0xa4fc0000,0xa4fc0000,0xac180000)
 ParOldGen       total 415232K, used 373579K [0x73340000, 0x8c8c0000, 0x9ddf0000)
  object space 415232K, 89% used [0x73340000,0x8a012ff8,0x8c8c0000)
 PSPermGen       total 16384K, used 3858K [0x6b340000, 0x6c340000, 0x73340000)
  object space 16384K, 23% used [0x6b340000,0x6b7048a8,0x6c340000)
}
Event: 29.318 GC heap before
{Heap before GC invocations=40 (full 9):
 PSYoungGen      total 233024K, used 116544K [0x9ddf0000, 0xb3340000, 0xb3340000)
  eden space 116544K, 100% used [0x9ddf0000,0xa4fc0000,0xa4fc0000)
  from space 116480K, 0% used [0xac180000,0xac180000,0xb3340000)
  to   space 116480K, 0% used [0xa4fc0000,0xa4fc0000,0xac180000)
 ParOldGen       total 415232K, used 373579K [0x73340000, 0x8c8c0000, 0x9ddf0000)
  object space 415232K, 89% used [0x73340000,0x8a012ff8,0x8c8c0000)
 PSPermGen       total 16384K, used 3866K [0x6b340000, 0x6c340000, 0x73340000)
  object space 16384K, 23% used [0x6b340000,0x6b706888,0x6c340000)
Event: 31.860 GC heap after
Heap after GC invocations=40 (full 9):
 PSYoungGen      total 233024K, used 0K [0x9ddf0000, 0xb3340000, 0xb3340000)
  eden space 116544K, 0% used [0x9ddf0000,0x9ddf0000,0xa4fc0000)
  from space 116480K, 0% used [0xac180000,0xac180000,0xb3340000)
  to   space 116480K, 0% used [0xa4fc0000,0xa4fc0000,0xac180000)
 ParOldGen       total 415232K, used 390441K [0x73340000, 0x8c8c0000, 0x9ddf0000)
  object space 415232K, 94% used [0x73340000,0x8b08a6f0,0x8c8c0000)
 PSPermGen       total 16384K, used 3866K [0x6b340000, 0x6c340000, 0x73340000)
  object space 16384K, 23% used [0x6b340000,0x6b706888,0x6c340000)
}

